
> intro-storybook-react-template@0.2.0 build-storybook
> storybook build --output-dir C:\Users\PASCAL~1\AppData\Local\Temp\chromatic--22948-m2FZ7Olnqeps

@storybook/cli v7.5.2

info => Cleaning outputDir: C:\Users\PASCAL~1\AppData\Local\Temp\chromatic--22948-m2FZ7Olnqeps
info => Loading presets
info => Building manager..
info => Manager built (179 ms)
info => Building preview..
info => Copying static files: C:\NPL\Corporate_Sites\Storybook\taskbox\node_modules\@storybook\manager\static at C:\Users\PASCAL~1\AppData\Local\Temp\chromatic--22948-m2FZ7Olnqeps\sb-common-assets
[36mvite v4.5.1 [32mbuilding for production...[36m[39m

./sb-common-assets/fonts.css doesn't exist at build time, it will remain unchanged to be resolved at runtime
transforming...
info => Copying static files: C:\NPL\Corporate_Sites\Storybook\taskbox\public at C:\Users\PASCAL~1\AppData\Local\Temp\chromatic--22948-m2FZ7Olnqeps\
node_modules/telejson/dist/index.mjs (1413:15) Use of eval in "node_modules/telejson/dist/index.mjs" is strongly discouraged as it poses security risks and may cause issues with minification.
node_modules/telejson/dist/index.mjs (1416:18) Use of eval in "node_modules/telejson/dist/index.mjs" is strongly discouraged as it poses security risks and may cause issues with minification.
[32m✓[39m 874 modules transformed.
rendering chunks...
computing gzip size...
[2m../../../../Users/PASCAL~1/AppData/Local/Temp/chromatic--22948-m2FZ7Olnqeps/[22m[32miframe.html                                    [39m[1m[2m 12.56 kB[22m[1m[22m[2m │ gzip:   3.55 kB[22m
[2m../../../../Users/PASCAL~1/AppData/Local/Temp/chromatic--22948-m2FZ7Olnqeps/[22m[32massets/percolate-dac75269.ttf                  [39m[1m[2m 34.04 kB[22m[1m[22m
[2m../../../../Users/PASCAL~1/AppData/Local/Temp/chromatic--22948-m2FZ7Olnqeps/[22m[32massets/percolate-ec979d96.woff                 [39m[1m[2m 34.11 kB[22m[1m[22m
[2m../../../../Users/PASCAL~1/AppData/Local/Temp/chromatic--22948-m2FZ7Olnqeps/[22m[32massets/percolate-5ed633c2.eot                  [39m[1m[2m 34.21 kB[22m[1m[22m
[2m../../../../Users/PASCAL~1/AppData/Local/Temp/chromatic--22948-m2FZ7Olnqeps/[22m[32massets/percolate-d13fa91b.svg                  [39m[1m[2m140.51 kB[22m[1m[22m[2m │ gzip:  47.50 kB[22m
[2m../../../../Users/PASCAL~1/AppData/Local/Temp/chromatic--22948-m2FZ7Olnqeps/[22m[35massets/preview-4f244d89.css                    [39m[1m[2m  6.87 kB[22m[1m[22m[2m │ gzip:   2.06 kB[22m
[2m../../../../Users/PASCAL~1/AppData/Local/Temp/chromatic--22948-m2FZ7Olnqeps/[22m[36massets/_commonjs-dynamic-modules-302442b1.js   [39m[1m[2m  0.30 kB[22m[1m[22m[2m │ gzip:   0.24 kB[22m[2m │ map:     0.12 kB[22m
[2m../../../../Users/PASCAL~1/AppData/Local/Temp/chromatic--22948-m2FZ7Olnqeps/[22m[36massets/WithTooltip-4HIR6TLV-1a200ebf.js        [39m[1m[2m  0.47 kB[22m[1m[22m[2m │ gzip:   0.30 kB[22m[2m │ map:     0.11 kB[22m
[2m../../../../Users/PASCAL~1/AppData/Local/Temp/chromatic--22948-m2FZ7Olnqeps/[22m[36massets/syntaxhighlighter-NMPM6SWI-9cad0c48.js  [39m[1m[2m  0.48 kB[22m[1m[22m[2m │ gzip:   0.32 kB[22m[2m │ map:     0.12 kB[22m
[2m../../../../Users/PASCAL~1/AppData/Local/Temp/chromatic--22948-m2FZ7Olnqeps/[22m[36massets/preview-89665b99.js                     [39m[1m[2m  0.53 kB[22m[1m[22m[2m │ gzip:   0.35 kB[22m[2m │ map:     0.54 kB[22m
[2m../../../../Users/PASCAL~1/AppData/Local/Temp/chromatic--22948-m2FZ7Olnqeps/[22m[36massets/index-3fd0d1ea.js                       [39m[1m[2m  0.62 kB[22m[1m[22m[2m │ gzip:   0.38 kB[22m[2m │ map:     4.28 kB[22m
[2m../../../../Users/PASCAL~1/AppData/Local/Temp/chromatic--22948-m2FZ7Olnqeps/[22m[36massets/preview-0f05f15a.js                     [39m[1m[2m  0.68 kB[22m[1m[22m[2m │ gzip:   0.48 kB[22m[2m │ map:     3.91 kB[22m
[2m../../../../Users/PASCAL~1/AppData/Local/Temp/chromatic--22948-m2FZ7Olnqeps/[22m[36massets/_commonjsHelpers-de833af9.js            [39m[1m[2m  0.75 kB[22m[1m[22m[2m │ gzip:   0.43 kB[22m[2m │ map:     0.11 kB[22m
[2m../../../../Users/PASCAL~1/AppData/Local/Temp/chromatic--22948-m2FZ7Olnqeps/[22m[36massets/index-356e4a49.js                       [39m[1m[2m  0.81 kB[22m[1m[22m[2m │ gzip:   0.51 kB[22m[2m │ map:     3.26 kB[22m
[2m../../../../Users/PASCAL~1/AppData/Local/Temp/chromatic--22948-m2FZ7Olnqeps/[22m[36massets/index-8d47fad6.js                       [39m[1m[2m  0.84 kB[22m[1m[22m[2m │ gzip:   0.55 kB[22m[2m │ map:     4.10 kB[22m
[2m../../../../Users/PASCAL~1/AppData/Local/Temp/chromatic--22948-m2FZ7Olnqeps/[22m[36massets/preview-b3c37142.js                     [39m[1m[2m  0.90 kB[22m[1m[22m[2m │ gzip:   0.59 kB[22m[2m │ map:     2.98 kB[22m
[2m../../../../Users/PASCAL~1/AppData/Local/Temp/chromatic--22948-m2FZ7Olnqeps/[22m[36massets/preview-1dac89e7.js                     [39m[1m[2m  1.09 kB[22m[1m[22m[2m │ gzip:   0.71 kB[22m[2m │ map:     3.09 kB[22m
[2m../../../../Users/PASCAL~1/AppData/Local/Temp/chromatic--22948-m2FZ7Olnqeps/[22m[36massets/preview-bed967c6.js                     [39m[1m[2m  2.38 kB[22m[1m[22m[2m │ gzip:   1.24 kB[22m[2m │ map:    11.00 kB[22m
[2m../../../../Users/PASCAL~1/AppData/Local/Temp/chromatic--22948-m2FZ7Olnqeps/[22m[36massets/index-11d98b33.js                       [39m[1m[2m  2.63 kB[22m[1m[22m[2m │ gzip:   1.30 kB[22m[2m │ map:     7.47 kB[22m
[2m../../../../Users/PASCAL~1/AppData/Local/Temp/chromatic--22948-m2FZ7Olnqeps/[22m[36massets/preview-108c1c3c.js                     [39m[1m[2m  3.26 kB[22m[1m[22m[2m │ gzip:   1.41 kB[22m[2m │ map:    10.28 kB[22m
[2m../../../../Users/PASCAL~1/AppData/Local/Temp/chromatic--22948-m2FZ7Olnqeps/[22m[36massets/Task.stories-cd71f1f7.js                [39m[1m[2m  3.71 kB[22m[1m[22m[2m │ gzip:   1.58 kB[22m[2m │ map:     5.60 kB[22m
[2m../../../../Users/PASCAL~1/AppData/Local/Temp/chromatic--22948-m2FZ7Olnqeps/[22m[36massets/iframe-4712a22e.js                      [39m[1m[2m  4.44 kB[22m[1m[22m[2m │ gzip:   1.65 kB[22m[2m │ map:     5.44 kB[22m
[2m../../../../Users/PASCAL~1/AppData/Local/Temp/chromatic--22948-m2FZ7Olnqeps/[22m[36massets/index-76fb7be0.js                       [39m[1m[2m  7.21 kB[22m[1m[22m[2m │ gzip:   2.95 kB[22m[2m │ map:    15.72 kB[22m
[2m../../../../Users/PASCAL~1/AppData/Local/Temp/chromatic--22948-m2FZ7Olnqeps/[22m[36massets/preview-b8d6c68d.js                     [39m[1m[2m  7.67 kB[22m[1m[22m[2m │ gzip:   1.59 kB[22m[2m │ map:    14.23 kB[22m
[2m../../../../Users/PASCAL~1/AppData/Local/Temp/chromatic--22948-m2FZ7Olnqeps/[22m[36massets/preview-2059b184.js                     [39m[1m[2m  8.32 kB[22m[1m[22m[2m │ gzip:   3.20 kB[22m[2m │ map:    29.44 kB[22m
[2m../../../../Users/PASCAL~1/AppData/Local/Temp/chromatic--22948-m2FZ7Olnqeps/[22m[36massets/index-da07a199.js                       [39m[1m[2m 13.66 kB[22m[1m[22m[2m │ gzip:   5.12 kB[22m[2m │ map:    53.12 kB[22m
[2m../../../../Users/PASCAL~1/AppData/Local/Temp/chromatic--22948-m2FZ7Olnqeps/[22m[36massets/Color-6VNJS4EI-e1ea3766.js              [39m[1m[2m 17.66 kB[22m[1m[22m[2m │ gzip:   6.78 kB[22m[2m │ map:    59.65 kB[22m
[2m../../../../Users/PASCAL~1/AppData/Local/Temp/chromatic--22948-m2FZ7Olnqeps/[22m[36massets/preview-6751e51d.js                     [39m[1m[2m 21.12 kB[22m[1m[22m[2m │ gzip:   7.00 kB[22m[2m │ map:    68.36 kB[22m
[2m../../../../Users/PASCAL~1/AppData/Local/Temp/chromatic--22948-m2FZ7Olnqeps/[22m[36massets/TaskList.stories-f7ed1dc7.js            [39m[1m[2m 31.70 kB[22m[1m[22m[2m │ gzip:  11.85 kB[22m[2m │ map:   251.82 kB[22m
[2m../../../../Users/PASCAL~1/AppData/Local/Temp/chromatic--22948-m2FZ7Olnqeps/[22m[36massets/preview-a62a77be.js                     [39m[1m[2m 34.23 kB[22m[1m[22m[2m │ gzip:  13.38 kB[22m[2m │ map:   127.56 kB[22m
[2m../../../../Users/PASCAL~1/AppData/Local/Temp/chromatic--22948-m2FZ7Olnqeps/[22m[36massets/_getPrototype-c468d7b4.js               [39m[1m[2m213.28 kB[22m[1m[22m[2m │ gzip:  66.73 kB[22m[2m │ map:   656.57 kB[22m
[2m../../../../Users/PASCAL~1/AppData/Local/Temp/chromatic--22948-m2FZ7Olnqeps/[22m[36massets/config-1152c68d.js                      [39m[1m[2m213.46 kB[22m[1m[22m[2m │ gzip:  66.37 kB[22m[2m │ map:   803.38 kB[22m
[2m../../../../Users/PASCAL~1/AppData/Local/Temp/chromatic--22948-m2FZ7Olnqeps/[22m[36massets/index-32677831.js                       [39m[1m[2m372.83 kB[22m[1m[22m[2m │ gzip: 114.13 kB[22m[2m │ map: 1,560.82 kB[22m
[2m../../../../Users/PASCAL~1/AppData/Local/Temp/chromatic--22948-m2FZ7Olnqeps/[22m[36massets/DocsRenderer-NNNQARDV-2f9d3a3a.js       [39m[1m[33m534.82 kB[39m[22m[2m │ gzip: 174.74 kB[22m[2m │ map: 1,551.07 kB[22m
[2m../../../../Users/PASCAL~1/AppData/Local/Temp/chromatic--22948-m2FZ7Olnqeps/[22m[36massets/axe-c259e37e.js                         [39m[1m[33m556.46 kB[39m[22m[2m │ gzip: 152.75 kB[22m[2m │ map: 2,004.48 kB[22m
[2m../../../../Users/PASCAL~1/AppData/Local/Temp/chromatic--22948-m2FZ7Olnqeps/[22m[36massets/InboxScreen.stories-07e9515d.js         [39m[1m[33m563.65 kB[39m[22m[2m │ gzip: 149.06 kB[22m[2m │ map: 1,668.85 kB[22m
[2m../../../../Users/PASCAL~1/AppData/Local/Temp/chromatic--22948-m2FZ7Olnqeps/[22m[36massets/formatter-SWP5E3XI-7a2ae318.js          [39m[1m[33m601.66 kB[39m[22m[2m │ gzip: 185.05 kB[22m[2m │ map: 1,318.59 kB[22m
[33m
(!) Some chunks are larger than 500 kBs after minification. Consider:
- Using dynamic import() to code-split the application
- Use build.rollupOptions.output.manualChunks to improve chunking: https://rollupjs.org/configuration-options/#output-manualchunks
- Adjust chunk size limit for this warning via build.chunkSizeWarningLimit.[39m
[32m✓ built in 11.51s[39m
info => Preview built (12 s)
info => Output directory: C:\Users\PASCAL~1\AppData\Local\Temp\chromatic--22948-m2FZ7Olnqeps
